Determining if the Q_WS_WIN exist failed with the following output:
Change Dir: /home/ghw/project/helloworld/test/tmp/CMakeFiles/CMakeTmp

Run Build Command:/usr/bin/make "cmTryCompileExec1805411076/fast"
/usr/bin/make -f CMakeFiles/cmTryCompileExec1805411076.dir/build.make CMakeFiles/cmTryCompileExec1805411076.dir/build
make[1]: Entering directory `/home/ghw/project/helloworld/test/tmp/CMakeFiles/CMakeTmp'
/usr/bin/cmake -E cmake_progress_report /home/ghw/project/helloworld/test/tmp/CMakeFiles/CMakeTmp/CMakeFiles 1
Building CXX object CMakeFiles/cmTryCompileExec1805411076.dir/CheckSymbolExists.cxx.o
/usr/bin/c++    -I/usr/include/qt4    -o CMakeFiles/cmTryCompileExec1805411076.dir/CheckSymbolExists.cxx.o -c /home/ghw/project/helloworld/test/tmp/CMakeFiles/CMakeTmp/CheckSymbolExists.cxx
/home/ghw/project/helloworld/test/tmp/CMakeFiles/CMakeTmp/CheckSymbolExists.cxx: In function ‘int main(int, char**)’:
/home/ghw/project/helloworld/test/tmp/CMakeFiles/CMakeTmp/CheckSymbolExists.cxx:8:19: error: ‘Q_WS_WIN’ was not declared in this scope
   return ((int*)(&Q_WS_WIN))[argc];
                   ^
make[1]: *** [CMakeFiles/cmTryCompileExec1805411076.dir/CheckSymbolExists.cxx.o] Error 1
make[1]: Leaving directory `/home/ghw/project/helloworld/test/tmp/CMakeFiles/CMakeTmp'
make: *** [cmTryCompileExec1805411076/fast] Error 2

File /home/ghw/project/helloworld/test/tmp/CMakeFiles/CMakeTmp/CheckSymbolExists.cxx:
/* */
#include <QtCore/qglobal.h>

int main(int argc, char** argv)
{
  (void)argv;
#ifndef Q_WS_WIN
  return ((int*)(&Q_WS_WIN))[argc];
#else
  (void)argc;
  return 0;
#endif
}

Determining if the Q_WS_QWS exist failed with the following output:
Change Dir: /home/ghw/project/helloworld/test/tmp/CMakeFiles/CMakeTmp

Run Build Command:/usr/bin/make "cmTryCompileExec1318327600/fast"
/usr/bin/make -f CMakeFiles/cmTryCompileExec1318327600.dir/build.make CMakeFiles/cmTryCompileExec1318327600.dir/build
make[1]: Entering directory `/home/ghw/project/helloworld/test/tmp/CMakeFiles/CMakeTmp'
/usr/bin/cmake -E cmake_progress_report /home/ghw/project/helloworld/test/tmp/CMakeFiles/CMakeTmp/CMakeFiles 1
Building CXX object CMakeFiles/cmTryCompileExec1318327600.dir/CheckSymbolExists.cxx.o
/usr/bin/c++    -I/usr/include/qt4    -o CMakeFiles/cmTryCompileExec1318327600.dir/CheckSymbolExists.cxx.o -c /home/ghw/project/helloworld/test/tmp/CMakeFiles/CMakeTmp/CheckSymbolExists.cxx
/home/ghw/project/helloworld/test/tmp/CMakeFiles/CMakeTmp/CheckSymbolExists.cxx: In function ‘int main(int, char**)’:
/home/ghw/project/helloworld/test/tmp/CMakeFiles/CMakeTmp/CheckSymbolExists.cxx:8:19: error: ‘Q_WS_QWS’ was not declared in this scope
   return ((int*)(&Q_WS_QWS))[argc];
                   ^
make[1]: *** [CMakeFiles/cmTryCompileExec1318327600.dir/CheckSymbolExists.cxx.o] Error 1
make[1]: Leaving directory `/home/ghw/project/helloworld/test/tmp/CMakeFiles/CMakeTmp'
make: *** [cmTryCompileExec1318327600/fast] Error 2

File /home/ghw/project/helloworld/test/tmp/CMakeFiles/CMakeTmp/CheckSymbolExists.cxx:
/* */
#include <QtCore/qglobal.h>

int main(int argc, char** argv)
{
  (void)argv;
#ifndef Q_WS_QWS
  return ((int*)(&Q_WS_QWS))[argc];
#else
  (void)argc;
  return 0;
#endif
}

Determining if the Q_WS_MAC exist failed with the following output:
Change Dir: /home/ghw/project/helloworld/test/tmp/CMakeFiles/CMakeTmp

Run Build Command:/usr/bin/make "cmTryCompileExec2004722262/fast"
/usr/bin/make -f CMakeFiles/cmTryCompileExec2004722262.dir/build.make CMakeFiles/cmTryCompileExec2004722262.dir/build
make[1]: Entering directory `/home/ghw/project/helloworld/test/tmp/CMakeFiles/CMakeTmp'
/usr/bin/cmake -E cmake_progress_report /home/ghw/project/helloworld/test/tmp/CMakeFiles/CMakeTmp/CMakeFiles 1
Building CXX object CMakeFiles/cmTryCompileExec2004722262.dir/CheckSymbolExists.cxx.o
/usr/bin/c++    -I/usr/include/qt4    -o CMakeFiles/cmTryCompileExec2004722262.dir/CheckSymbolExists.cxx.o -c /home/ghw/project/helloworld/test/tmp/CMakeFiles/CMakeTmp/CheckSymbolExists.cxx
/home/ghw/project/helloworld/test/tmp/CMakeFiles/CMakeTmp/CheckSymbolExists.cxx: In function ‘int main(int, char**)’:
/home/ghw/project/helloworld/test/tmp/CMakeFiles/CMakeTmp/CheckSymbolExists.cxx:8:19: error: ‘Q_WS_MAC’ was not declared in this scope
   return ((int*)(&Q_WS_MAC))[argc];
                   ^
make[1]: *** [CMakeFiles/cmTryCompileExec2004722262.dir/CheckSymbolExists.cxx.o] Error 1
make[1]: Leaving directory `/home/ghw/project/helloworld/test/tmp/CMakeFiles/CMakeTmp'
make: *** [cmTryCompileExec2004722262/fast] Error 2

File /home/ghw/project/helloworld/test/tmp/CMakeFiles/CMakeTmp/CheckSymbolExists.cxx:
/* */
#include <QtCore/qglobal.h>

int main(int argc, char** argv)
{
  (void)argv;
#ifndef Q_WS_MAC
  return ((int*)(&Q_WS_MAC))[argc];
#else
  (void)argc;
  return 0;
#endif
}

